<?xml version="1.0" encoding="UTF-8" ?>
<testsuite errors="0" failures="1" hostname="menhir" name="jason.test.server.KeyStoreTest" tests="2" time="0.135" timestamp="2009-09-17T10:02:45">
  <properties>
[...]
</properties>
  <testcase classname="jason.test.server.KeyStoreTest" name="testLoadKey" time="0.036" />
  <testcase classname="jason.test.server.KeyStoreTest" name="testLoadCertificate" time="0.016">
    <failure message="Service certificate has expired" type="junit.framework.AssertionFailedError">junit.framework.AssertionFailedError: Service certificate has expired
	at jason.test.server.KeyStoreTest.testLoadCertificate(KeyStoreTest.java:90)
</failure>
  </testcase>
  <system-out><![CDATA[]]></system-out>
  <system-err><![CDATA[]]></system-err>
</testsuite>
